  simple_textarea_extract.cpp
e:\my_projects&file\visual_studio_2015_projects\interesting_area_extract\interesting_area_extract\simple_textarea_extract.cpp(116): warning C4267: “初始化”: 从“size_t”转换到“int”，可能丢失数据
e:\my_projects&file\visual_studio_2015_projects\interesting_area_extract\interesting_area_extract\simple_textarea_extract.cpp(132): warning C4244: “=”: 从“float”转换到“int”，可能丢失数据
e:\my_projects&file\visual_studio_2015_projects\interesting_area_extract\interesting_area_extract\simple_textarea_extract.cpp(136): warning C4244: “=”: 从“float”转换到“int”，可能丢失数据
  main.cpp
e:\my_projects&file\visual_studio_2015_projects\interesting_area_extract\interesting_area_extract\main.cpp(13): warning C4267: “初始化”: 从“size_t”转换到“int”，可能丢失数据
e:\my_projects&file\visual_studio_2015_projects\interesting_area_extract\interesting_area_extract\main.cpp(128): warning C4244: “参数”: 从“int”转换到“float”，可能丢失数据
e:\my_projects&file\visual_studio_2015_projects\interesting_area_extract\interesting_area_extract\main.cpp(129): warning C4244: “参数”: 从“int”转换到“float”，可能丢失数据
e:\my_projects&file\visual_studio_2015_projects\interesting_area_extract\interesting_area_extract\main.cpp(130): warning C4244: “参数”: 从“int”转换到“float”，可能丢失数据
  lines_extract.cpp
e:\my_projects&file\visual_studio_2015_projects\interesting_area_extract\interesting_area_extract\lines_extract.cpp(15): warning C4244: “=”: 从“double”转换到“int”，可能丢失数据
e:\my_projects&file\visual_studio_2015_projects\interesting_area_extract\interesting_area_extract\lines_extract.cpp(20): warning C4244: “参数”: 从“double”转换到“int”，可能丢失数据
e:\my_projects&file\visual_studio_2015_projects\interesting_area_extract\interesting_area_extract\lines_extract.cpp(12): warning C4101: “col”: 未引用的局部变量
e:\my_projects&file\visual_studio_2015_projects\interesting_area_extract\interesting_area_extract\lines_extract.cpp(32): warning C4244: “=”: 从“double”转换到“int”，可能丢失数据
e:\my_projects&file\visual_studio_2015_projects\interesting_area_extract\interesting_area_extract\lines_extract.cpp(35): warning C4244: “参数”: 从“double”转换到“int”，可能丢失数据
e:\my_projects&file\visual_studio_2015_projects\interesting_area_extract\interesting_area_extract\lines_extract.cpp(29): warning C4101: “col”: 未引用的局部变量
e:\my_projects&file\visual_studio_2015_projects\interesting_area_extract\interesting_area_extract\lines_extract.cpp(45): warning C4244: “=”: 从“double”转换到“int”，可能丢失数据
e:\my_projects&file\visual_studio_2015_projects\interesting_area_extract\interesting_area_extract\lines_extract.cpp(50): warning C4244: “参数”: 从“double”转换到“int”，可能丢失数据
e:\my_projects&file\visual_studio_2015_projects\interesting_area_extract\interesting_area_extract\lines_extract.cpp(42): warning C4101: “row”: 未引用的局部变量
e:\my_projects&file\visual_studio_2015_projects\interesting_area_extract\interesting_area_extract\lines_extract.cpp(61): warning C4244: “=”: 从“double”转换到“int”，可能丢失数据
e:\my_projects&file\visual_studio_2015_projects\interesting_area_extract\interesting_area_extract\lines_extract.cpp(66): warning C4244: “参数”: 从“double”转换到“int”，可能丢失数据
e:\my_projects&file\visual_studio_2015_projects\interesting_area_extract\interesting_area_extract\lines_extract.cpp(59): warning C4101: “row”: 未引用的局部变量
e:\my_projects&file\visual_studio_2015_projects\interesting_area_extract\interesting_area_extract\lines_extract.cpp(79): warning C4244: “初始化”: 从“double”转换到“int”，可能丢失数据
e:\my_projects&file\visual_studio_2015_projects\interesting_area_extract\interesting_area_extract\lines_extract.cpp(80): warning C4244: “初始化”: 从“double”转换到“int”，可能丢失数据
e:\my_projects&file\visual_studio_2015_projects\interesting_area_extract\interesting_area_extract\lines_extract.cpp(100): warning C4244: “初始化”: 从“double”转换到“int”，可能丢失数据
e:\my_projects&file\visual_studio_2015_projects\interesting_area_extract\interesting_area_extract\lines_extract.cpp(101): warning C4244: “初始化”: 从“double”转换到“int”，可能丢失数据
e:\my_projects&file\visual_studio_2015_projects\interesting_area_extract\interesting_area_extract\lines_extract.cpp(120): warning C4244: “初始化”: 从“double”转换到“int”，可能丢失数据
e:\my_projects&file\visual_studio_2015_projects\interesting_area_extract\interesting_area_extract\lines_extract.cpp(121): warning C4244: “初始化”: 从“double”转换到“int”，可能丢失数据
e:\my_projects&file\visual_studio_2015_projects\interesting_area_extract\interesting_area_extract\lines_extract.cpp(141): warning C4244: “初始化”: 从“double”转换到“int”，可能丢失数据
e:\my_projects&file\visual_studio_2015_projects\interesting_area_extract\interesting_area_extract\lines_extract.cpp(142): warning C4244: “初始化”: 从“double”转换到“int”，可能丢失数据
  hough_lines_comparation.cpp
  cross_line.cpp
e:\my_projects&file\visual_studio_2015_projects\interesting_area_extract\interesting_area_extract\cross_line.cpp(15): warning C4244: “=”: 从“double”转换到“float”，可能丢失数据
e:\my_projects&file\visual_studio_2015_projects\interesting_area_extract\interesting_area_extract\cross_line.cpp(16): warning C4244: “=”: 从“double”转换到“float”，可能丢失数据
e:\my_projects&file\visual_studio_2015_projects\interesting_area_extract\interesting_area_extract\cross_line.cpp(20): warning C4244: “=”: 从“double”转换到“float”，可能丢失数据
e:\my_projects&file\visual_studio_2015_projects\interesting_area_extract\interesting_area_extract\cross_line.cpp(21): warning C4244: “=”: 从“double”转换到“float”，可能丢失数据
e:\my_projects&file\visual_studio_2015_projects\interesting_area_extract\interesting_area_extract\cross_line.cpp(23): warning C4244: “=”: 从“int”转换到“float”，可能丢失数据
e:\my_projects&file\visual_studio_2015_projects\interesting_area_extract\interesting_area_extract\cross_line.cpp(25): warning C4244: “=”: 从“double”转换到“float”，可能丢失数据
e:\my_projects&file\visual_studio_2015_projects\interesting_area_extract\interesting_area_extract\cross_line.cpp(26): warning C4244: “=”: 从“double”转换到“float”，可能丢失数据
e:\my_projects&file\visual_studio_2015_projects\interesting_area_extract\interesting_area_extract\cross_line.cpp(27): warning C4244: “=”: 从“int”转换到“float”，可能丢失数据
e:\my_projects&file\visual_studio_2015_projects\interesting_area_extract\interesting_area_extract\cross_line.cpp(30): warning C4244: “=”: 从“double”转换到“float”，可能丢失数据
e:\my_projects&file\visual_studio_2015_projects\interesting_area_extract\interesting_area_extract\cross_line.cpp(31): warning C4244: “=”: 从“double”转换到“float”，可能丢失数据
e:\my_projects&file\visual_studio_2015_projects\interesting_area_extract\interesting_area_extract\cross_line.cpp(32): warning C4244: “=”: 从“int”转换到“float”，可能丢失数据
e:\my_projects&file\visual_studio_2015_projects\interesting_area_extract\interesting_area_extract\cross_line.cpp(33): warning C4244: “=”: 从“int”转换到“float”，可能丢失数据
  cross_extract.cpp
e:\my_projects&file\visual_studio_2015_projects\interesting_area_extract\interesting_area_extract\cross_extract.cpp(7): warning C4244: “=”: 从“float”转换到“int”，可能丢失数据
e:\my_projects&file\visual_studio_2015_projects\interesting_area_extract\interesting_area_extract\cross_extract.cpp(8): warning C4244: “=”: 从“float”转换到“int”，可能丢失数据
e:\my_projects&file\visual_studio_2015_projects\interesting_area_extract\interesting_area_extract\cross_extract.cpp(14): warning C4244: “=”: 从“float”转换到“int”，可能丢失数据
e:\my_projects&file\visual_studio_2015_projects\interesting_area_extract\interesting_area_extract\cross_extract.cpp(15): warning C4244: “=”: 从“float”转换到“int”，可能丢失数据
e:\my_projects&file\visual_studio_2015_projects\interesting_area_extract\interesting_area_extract\cross_extract.cpp(35): warning C4244: “=”: 从“double”转换到“int”，可能丢失数据
e:\my_projects&file\visual_studio_2015_projects\interesting_area_extract\interesting_area_extract\cross_extract.cpp(40): warning C4244: “=”: 从“double”转换到“int”，可能丢失数据
e:\my_projects&file\visual_studio_2015_projects\interesting_area_extract\interesting_area_extract\cross_extract.cpp(41): warning C4244: “=”: 从“double”转换到“int”，可能丢失数据
e:\my_projects&file\visual_studio_2015_projects\interesting_area_extract\interesting_area_extract\cross_extract.cpp(48): warning C4244: “=”: 从“double”转换到“int”，可能丢失数据
e:\my_projects&file\visual_studio_2015_projects\interesting_area_extract\interesting_area_extract\cross_extract.cpp(49): warning C4244: “=”: 从“double”转换到“int”，可能丢失数据
e:\my_projects&file\visual_studio_2015_projects\interesting_area_extract\interesting_area_extract\cross_extract.cpp(53): warning C4244: “=”: 从“double”转换到“int”，可能丢失数据
e:\my_projects&file\visual_studio_2015_projects\interesting_area_extract\interesting_area_extract\cross_extract.cpp(54): warning C4244: “=”: 从“double”转换到“int”，可能丢失数据
e:\my_projects&file\visual_studio_2015_projects\interesting_area_extract\interesting_area_extract\cross_extract.cpp(61): warning C4244: “=”: 从“double”转换到“int”，可能丢失数据
e:\my_projects&file\visual_studio_2015_projects\interesting_area_extract\interesting_area_extract\cross_extract.cpp(62): warning C4244: “=”: 从“double”转换到“int”，可能丢失数据
e:\my_projects&file\visual_studio_2015_projects\interesting_area_extract\interesting_area_extract\cross_extract.cpp(66): warning C4244: “=”: 从“double”转换到“int”，可能丢失数据
e:\my_projects&file\visual_studio_2015_projects\interesting_area_extract\interesting_area_extract\cross_extract.cpp(67): warning C4244: “=”: 从“double”转换到“int”，可能丢失数据
e:\my_projects&file\visual_studio_2015_projects\interesting_area_extract\interesting_area_extract\cross_extract.cpp(74): warning C4244: “=”: 从“double”转换到“int”，可能丢失数据
e:\my_projects&file\visual_studio_2015_projects\interesting_area_extract\interesting_area_extract\cross_extract.cpp(75): warning C4244: “=”: 从“double”转换到“int”，可能丢失数据
e:\my_projects&file\visual_studio_2015_projects\interesting_area_extract\interesting_area_extract\cross_extract.cpp(79): warning C4244: “=”: 从“double”转换到“int”，可能丢失数据
e:\my_projects&file\visual_studio_2015_projects\interesting_area_extract\interesting_area_extract\cross_extract.cpp(80): warning C4244: “=”: 从“double”转换到“int”，可能丢失数据
e:\my_projects&file\visual_studio_2015_projects\interesting_area_extract\interesting_area_extract\cross_extract.cpp(107): warning C4244: “参数”: 从“double”转换到“int”，可能丢失数据
  正在生成代码...
  interesting_area_extract.vcxproj -> E:\My_Projects&File\visual_studio_2015_projects\interesting_area_extract\x64\Debug\interesting_area_extract.exe
  interesting_area_extract.vcxproj -> E:\My_Projects&File\visual_studio_2015_projects\interesting_area_extract\x64\Debug\interesting_area_extract.pdb (Partial PDB)
